<?xml version="1.0" encoding="UTF-8"?>
<!-- Generated by org.testng.reporters.JUnitXMLReporter -->
<testsuite hostname="Whizdom-Trainings" ignored="0" name="CreatePortfolioTest" tests="2" failures="0" timestamp="2021-01-14T21:50:07 IST" time="21.966" errors="0">
  <testcase name="createPortfolioTest" time="9.139" classname="com.qtpselenium.hybrid.SuiteA.CreatePortfolioTest"/>
  <testcase name="createPortfolioTest" time="11.558" classname="com.qtpselenium.hybrid.SuiteA.CreatePortfolioTest"/>
</testsuite> <!-- CreatePortfolioTest -->
