<?xml version="1.0" encoding="UTF-8"?>
<!-- Generated by org.testng.reporters.JUnitXMLReporter -->
<testsuite hostname="Whizdom-Trainings" ignored="0" name="CreatePortfolioTest" tests="2" failures="0" timestamp="2021-01-15T21:28:16 IST" time="27.869" errors="0">
  <testcase name="createPortfolioTest" time="12.328" classname="com.qtpselenium.hybrid.SuiteA.CreatePortfolioTest"/>
  <testcase name="createPortfolioTest" time="13.41" classname="com.qtpselenium.hybrid.SuiteA.CreatePortfolioTest"/>
</testsuite> <!-- CreatePortfolioTest -->
