<?xml version="1.0" encoding="UTF-8"?>
<testng-results skipped="0" failed="1" ignored="0" total="4" passed="3">
  <reporter-output>
  </reporter-output>
  <suite name="Custom test Suite" duration-ms="0" started-at="2021-01-15T21:28:16 IST" finished-at="2021-01-15T21:28:16 IST">
    <groups>
    </groups>
  </suite> <!-- Custom test Suite -->
  <suite name="SuiteA" duration-ms="57660" started-at="2021-01-15T21:27:18 IST" finished-at="2021-01-15T21:28:16 IST">
    <groups>
    </groups>
    <test name="LoginTest" duration-ms="29772" started-at="2021-01-15T21:27:18 IST" finished-at="2021-01-15T21:27:48 IST">
      <class name="com.qtpselenium.hybrid.SuiteA.LoginTest">
        <test-method status="PASS" signature="beforeTest()[pri:0, instance:com.qtpselenium.hybrid.SuiteA.LoginTest@71423665]" name="beforeTest" is-config="true" duration-ms="494" started-at="2021-01-15T21:27:18 IST" finished-at="2021-01-15T21:27:18 IST">
          <reporter-output>
          </reporter-output>
        </test-method> <!-- beforeTest -->
        <test-method status="PASS" signature="beforeMethod()[pri:0, instance:com.qtpselenium.hybrid.SuiteA.LoginTest@71423665]" name="beforeMethod" is-config="true" duration-ms="95" started-at="2021-01-15T21:27:18 IST" finished-at="2021-01-15T21:27:19 IST">
          <reporter-output>
          </reporter-output>
        </test-method> <!-- beforeMethod -->
        <test-method status="FAIL" signature="loginTest(java.util.Hashtable)[pri:0, instance:com.qtpselenium.hybrid.SuiteA.LoginTest@71423665]" name="loginTest" duration-ms="13102" started-at="2021-01-15T21:27:19 IST" data-provider="getData" finished-at="2021-01-15T21:27:32 IST">
          <params>
            <param index="0">
              <value>
                <![CDATA[{ExpectedResult=Success, RunMode=Y, Password=p12, AccountName=Ashish Thakur, OS=WIN, UserName=u12, Browser=Chrome}]]>
              </value>
            </param>
          </params>
          <exception class="java.lang.reflect.InvocationTargetException">
            <full-stacktrace>
              <![CDATA[java.lang.reflect.InvocationTargetException
at sun.reflect.NativeMethodAccessorImpl.invoke0(Native Method)
at sun.reflect.NativeMethodAccessorImpl.invoke(NativeMethodAccessorImpl.java:62)
at sun.reflect.DelegatingMethodAccessorImpl.invoke(DelegatingMethodAccessorImpl.java:43)
at java.lang.reflect.Method.invoke(Method.java:498)
at com.qtpselenium.hybrid.driver.DriverScript.executeTest(DriverScript.java:33)
at com.qtpselenium.hybrid.SuiteA.LoginTest.loginTest(LoginTest.java:23)
at sun.reflect.NativeMethodAccessorImpl.invoke0(Native Method)
at sun.reflect.NativeMethodAccessorImpl.invoke(NativeMethodAccessorImpl.java:62)
at sun.reflect.DelegatingMethodAccessorImpl.invoke(DelegatingMethodAccessorImpl.java:43)
at java.lang.reflect.Method.invoke(Method.java:498)
at org.testng.internal.MethodInvocationHelper.invokeMethod(MethodInvocationHelper.java:132)
at org.testng.internal.TestInvoker.invokeMethod(TestInvoker.java:599)
at org.testng.internal.TestInvoker.invokeTestMethod(TestInvoker.java:174)
at org.testng.internal.MethodRunner.runInSequence(MethodRunner.java:46)
at org.testng.internal.TestInvoker$MethodInvocationAgent.invoke(TestInvoker.java:822)
at org.testng.internal.TestInvoker.invokeTestMethods(TestInvoker.java:147)
at org.testng.internal.TestMethodWorker.invokeTestMethods(TestMethodWorker.java:146)
at org.testng.internal.TestMethodWorker.run(TestMethodWorker.java:128)
at java.util.ArrayList.forEach(ArrayList.java:1259)
at org.testng.TestRunner.privateRun(TestRunner.java:764)
at org.testng.TestRunner.run(TestRunner.java:585)
at org.testng.SuiteRunner.runTest(SuiteRunner.java:384)
at org.testng.SuiteRunner.runSequentially(SuiteRunner.java:378)
at org.testng.SuiteRunner.privateRun(SuiteRunner.java:337)
at org.testng.SuiteRunner.run(SuiteRunner.java:286)
at org.testng.SuiteRunnerWorker.runSuite(SuiteRunnerWorker.java:53)
at org.testng.SuiteRunnerWorker.run(SuiteRunnerWorker.java:96)
at org.testng.TestNG.runSuitesSequentially(TestNG.java:1218)
at org.testng.TestNG.runSuitesSequentially(TestNG.java:1213)
at org.testng.TestNG.runSuitesLocally(TestNG.java:1140)
at org.testng.TestNG.runSuites(TestNG.java:1069)
at org.testng.TestNG.run(TestNG.java:1037)
at org.apache.maven.surefire.testng.TestNGExecutor.run(TestNGExecutor.java:283)
at org.apache.maven.surefire.testng.TestNGXmlTestSuite.execute(TestNGXmlTestSuite.java:75)
at org.apache.maven.surefire.testng.TestNGProvider.invoke(TestNGProvider.java:120)
at org.apache.maven.surefire.booter.ForkedBooter.invokeProviderInSameClassLoader(ForkedBooter.java:384)
at org.apache.maven.surefire.booter.ForkedBooter.runSuitesInProcess(ForkedBooter.java:345)
at org.apache.maven.surefire.booter.ForkedBooter.execute(ForkedBooter.java:126)
at org.apache.maven.surefire.booter.ForkedBooter.main(ForkedBooter.java:418)
Caused by: java.lang.AssertionError: Expected Success but encountered Failure
at org.junit.Assert.fail(Assert.java:88)
at com.qtpselenium.hybrid.keywords.GenericKeywords.reportFailure(GenericKeywords.java:137)
at com.qtpselenium.hybrid.keywords.AppKeywords.validateLogin(AppKeywords.java:11)
... 39 more
]]>
            </full-stacktrace>
          </exception> <!-- java.lang.reflect.InvocationTargetException -->
          <reporter-output>
          </reporter-output>
        </test-method> <!-- loginTest -->
        <test-method status="PASS" signature="afterMethod()[pri:0, instance:com.qtpselenium.hybrid.SuiteA.LoginTest@71423665]" name="afterMethod" is-config="true" duration-ms="963" started-at="2021-01-15T21:27:32 IST" finished-at="2021-01-15T21:27:33 IST">
          <reporter-output>
          </reporter-output>
        </test-method> <!-- afterMethod -->
        <test-method status="PASS" signature="beforeMethod()[pri:0, instance:com.qtpselenium.hybrid.SuiteA.LoginTest@71423665]" name="beforeMethod" is-config="true" duration-ms="1" started-at="2021-01-15T21:27:33 IST" finished-at="2021-01-15T21:27:33 IST">
          <reporter-output>
          </reporter-output>
        </test-method> <!-- beforeMethod -->
        <test-method status="PASS" signature="loginTest(java.util.Hashtable)[pri:0, instance:com.qtpselenium.hybrid.SuiteA.LoginTest@71423665]" name="loginTest" duration-ms="13970" started-at="2021-01-15T21:27:33 IST" data-provider="getData" finished-at="2021-01-15T21:27:47 IST">
          <params>
            <param index="0">
              <value>
                <![CDATA[{ExpectedResult=Fail, RunMode=Y, Password=p23, AccountName=Abhishek Puri, OS=LINUX, UserName=u23, Browser=Firefox}]]>
              </value>
            </param>
          </params>
          <reporter-output>
          </reporter-output>
        </test-method> <!-- loginTest -->
        <test-method status="PASS" signature="afterMethod()[pri:0, instance:com.qtpselenium.hybrid.SuiteA.LoginTest@71423665]" name="afterMethod" is-config="true" duration-ms="1106" started-at="2021-01-15T21:27:47 IST" finished-at="2021-01-15T21:27:48 IST">
          <reporter-output>
          </reporter-output>
        </test-method> <!-- afterMethod -->
      </class> <!-- com.qtpselenium.hybrid.SuiteA.LoginTest -->
    </test> <!-- LoginTest -->
    <test name="CreatePortfolioTest" duration-ms="27869" started-at="2021-01-15T21:27:48 IST" finished-at="2021-01-15T21:28:16 IST">
      <class name="com.qtpselenium.hybrid.SuiteA.CreatePortfolioTest">
        <test-method status="PASS" signature="beforeTest()[pri:0, instance:com.qtpselenium.hybrid.SuiteA.CreatePortfolioTest@2b9627bc]" name="beforeTest" is-config="true" duration-ms="207" started-at="2021-01-15T21:27:48 IST" finished-at="2021-01-15T21:27:48 IST">
          <reporter-output>
          </reporter-output>
        </test-method> <!-- beforeTest -->
        <test-method status="PASS" signature="createPortfolioTest(java.util.Hashtable)[pri:0, instance:com.qtpselenium.hybrid.SuiteA.CreatePortfolioTest@2b9627bc]" name="createPortfolioTest" duration-ms="12328" started-at="2021-01-15T21:27:48 IST" data-provider="getData" finished-at="2021-01-15T21:28:00 IST">
          <params>
            <param index="0">
              <value>
                <![CDATA[{RunMode=Y, Password=p12, UserName=u12, Browser=Chrome}]]>
              </value>
            </param>
          </params>
          <reporter-output>
          </reporter-output>
        </test-method> <!-- createPortfolioTest -->
        <test-method status="PASS" signature="beforeMethod()[pri:0, instance:com.qtpselenium.hybrid.SuiteA.CreatePortfolioTest@2b9627bc]" name="beforeMethod" is-config="true" duration-ms="0" started-at="2021-01-15T21:27:48 IST" finished-at="2021-01-15T21:27:48 IST">
          <reporter-output>
          </reporter-output>
        </test-method> <!-- beforeMethod -->
        <test-method status="PASS" signature="afterMethod()[pri:0, instance:com.qtpselenium.hybrid.SuiteA.CreatePortfolioTest@2b9627bc]" name="afterMethod" is-config="true" duration-ms="713" started-at="2021-01-15T21:28:00 IST" finished-at="2021-01-15T21:28:01 IST">
          <reporter-output>
          </reporter-output>
        </test-method> <!-- afterMethod -->
        <test-method status="PASS" signature="beforeMethod()[pri:0, instance:com.qtpselenium.hybrid.SuiteA.CreatePortfolioTest@2b9627bc]" name="beforeMethod" is-config="true" duration-ms="0" started-at="2021-01-15T21:28:01 IST" finished-at="2021-01-15T21:28:01 IST">
          <reporter-output>
          </reporter-output>
        </test-method> <!-- beforeMethod -->
        <test-method status="PASS" signature="createPortfolioTest(java.util.Hashtable)[pri:0, instance:com.qtpselenium.hybrid.SuiteA.CreatePortfolioTest@2b9627bc]" name="createPortfolioTest" duration-ms="13410" started-at="2021-01-15T21:28:01 IST" data-provider="getData" finished-at="2021-01-15T21:28:14 IST">
          <params>
            <param index="0">
              <value>
                <![CDATA[{RunMode=Y, Password=p23, UserName=u23, Browser=Firefox}]]>
              </value>
            </param>
          </params>
          <reporter-output>
          </reporter-output>
        </test-method> <!-- createPortfolioTest -->
        <test-method status="PASS" signature="afterMethod()[pri:0, instance:com.qtpselenium.hybrid.SuiteA.CreatePortfolioTest@2b9627bc]" name="afterMethod" is-config="true" duration-ms="1208" started-at="2021-01-15T21:28:14 IST" finished-at="2021-01-15T21:28:16 IST">
          <reporter-output>
          </reporter-output>
        </test-method> <!-- afterMethod -->
      </class> <!-- com.qtpselenium.hybrid.SuiteA.CreatePortfolioTest -->
    </test> <!-- CreatePortfolioTest -->
  </suite> <!-- SuiteA -->
</testng-results>
